[2m4:53:56 PM[22m [31m[1m[vite][22m[39m [31mInternal server error: C:\Dev\KPI Dashboard\dashboard\src\views\TodosDashboard.jsx: Unexpected token, expected "}" (484:8)

[0m [90m 482 |[31m             [33m<[31m[33m/[31m[33mbutton[31m[33m>[31m)[33m;[31m
 [90m 483 |[31m         })
[31m[1m>[22m[31m[90m 484 |[31m         ))}
 [90m     |[31m         [31m[1m^[22m[31m
 [90m 485 |[31m       [33m<[31m[33m/[31m[33mdiv[31m[33m>[31m
 [90m 486 |[31m
 [90m 487 |[31m       {[90m/* ═══ Task List ═══ */[31m}[0m[39m
  Plugin: [35mvite:react-babel[39m
  File: [36mC:/Dev/KPI Dashboard/dashboard/src/views/TodosDashboard.jsx[39m:484:8
[33m  494|            fontWeight: '600', fontSize: '13px', color: 'var(--color-text-secondary)',
  495|            textTransform: 'uppercase', letterSpacing: '0.05em',
  496|          }}>
     |        ^
  497|            <div></div>
  498|            <div>Task Name</div>[39m
      at constructor (C:\Dev\KPI Dashboard\dashboard\node_modules\@babel\parser\lib\index.js:365:19)
      at JSXParserMixin.raise (C:\Dev\KPI Dashboard\dashboard\node_modules\@babel\parser\lib\index.js:6599:19)
      at JSXParserMixin.unexpected (C:\Dev\KPI Dashboard\dashboard\node_modules\@babel\parser\lib\index.js:6619:16)
      at JSXParserMixin.expect (C:\Dev\KPI Dashboard\dashboard\node_modules\@babel\parser\lib\index.js:6899:12)
      at JSXParserMixin.jsxParseExpressionContainer (C:\Dev\KPI Dashboard\dashboard\node_modules\@babel\parser\lib\index.js:4637:10)
      at JSXParserMixin.jsxParseElementAt (C:\Dev\KPI Dashboard\dashboard\node_modules\@babel\parser\lib\index.js:4711:36)
      at JSXParserMixin.jsxParseElementAt (C:\Dev\KPI Dashboard\dashboard\node_modules\@babel\parser\lib\index.js:4698:32)
      at JSXParserMixin.jsxParseElement (C:\Dev\KPI Dashboard\dashboard\node_modules\@babel\parser\lib\index.js:4749:17)
      at JSXParserMixin.parseExprAtom (C:\Dev\KPI Dashboard\dashboard\node_modules\@babel\parser\lib\index.js:4759:19)
      at JSXParserMixin.parseExprSubscripts (C:\Dev\KPI Dashboard\dashboard\node_modules\@babel\parser\lib\index.js:11081:23)
      at JSXParserMixin.parseUpdate (C:\Dev\KPI Dashboard\dashboard\node_modules\@babel\parser\lib\index.js:11066:21)
      at JSXParserMixin.parseMaybeUnary (C:\Dev\KPI Dashboard\dashboard\node_modules\@babel\parser\lib\index.js:11046:23)
      at JSXParserMixin.parseMaybeUnaryOrPrivate (C:\Dev\KPI Dashboard\dashboard\node_modules\@babel\parser\lib\index.js:10899:61)
      at JSXParserMixin.parseExprOps (C:\Dev\KPI Dashboard\dashboard\node_modules\@babel\parser\lib\index.js:10904:23)
      at JSXParserMixin.parseMaybeConditional (C:\Dev\KPI Dashboard\dashboard\node_modules\@babel\parser\lib\index.js:10881:23)
      at JSXParserMixin.parseMaybeAssign (C:\Dev\KPI Dashboard\dashboard\node_modules\@babel\parser\lib\index.js:10831:21)
      at C:\Dev\KPI Dashboard\dashboard\node_modules\@babel\parser\lib\index.js:10800:39
      at JSXParserMixin.allowInAnd (C:\Dev\KPI Dashboard\dashboard\node_modules\@babel\parser\lib\index.js:12426:12)
      at JSXParserMixin.parseMaybeAssignAllowIn (C:\Dev\KPI Dashboard\dashboard\node_modules\@babel\parser\lib\index.js:10800:17)
      at JSXParserMixin.parseMaybeAssignAllowInOrVoidPattern (C:\Dev\KPI Dashboard\dashboard\node_modules\@babel\parser\lib\index.js:12493:17)
      at JSXParserMixin.parseParenAndDistinguishExpression (C:\Dev\KPI Dashboard\dashboard\node_modules\@babel\parser\lib\index.js:11675:28)
      at JSXParserMixin.parseExprAtom (C:\Dev\KPI Dashboard\dashboard\node_modules\@babel\parser\lib\index.js:11331:23)
      at JSXParserMixin.parseExprAtom (C:\Dev\KPI Dashboard\dashboard\node_modules\@babel\parser\lib\index.js:4764:20)
      at JSXParserMixin.parseExprSubscripts (C:\Dev\KPI Dashboard\dashboard\node_modules\@babel\parser\lib\index.js:11081:23)
      at JSXParserMixin.parseUpdate (C:\Dev\KPI Dashboard\dashboard\node_modules\@babel\parser\lib\index.js:11066:21)
      at JSXParserMixin.parseMaybeUnary (C:\Dev\KPI Dashboard\dashboard\node_modules\@babel\parser\lib\index.js:11046:23)
      at JSXParserMixin.parseMaybeUnaryOrPrivate (C:\Dev\KPI Dashboard\dashboard\node_modules\@babel\parser\lib\index.js:10899:61)
      at JSXParserMixin.parseExprOps (C:\Dev\KPI Dashboard\dashboard\node_modules\@babel\parser\lib\index.js:10904:23)
      at JSXParserMixin.parseMaybeConditional (C:\Dev\KPI Dashboard\dashboard\node_modules\@babel\parser\lib\index.js:10881:23)
      at JSXParserMixin.parseMaybeAssign (C:\Dev\KPI Dashboard\dashboard\node_modules\@babel\parser\lib\index.js:10831:21)
      at JSXParserMixin.parseExpressionBase (C:\Dev\KPI Dashboard\dashboard\node_modules\@babel\parser\lib\index.js:10784:23)
      at C:\Dev\KPI Dashboard\dashboard\node_modules\@babel\parser\lib\index.js:10780:39
      at JSXParserMixin.allowInAnd (C:\Dev\KPI Dashboard\dashboard\node_modules\@babel\parser\lib\index.js:12421:16)
      at JSXParserMixin.parseExpression (C:\Dev\KPI Dashboard\dashboard\node_modules\@babel\parser\lib\index.js:10780:17)
      at JSXParserMixin.parseReturnStatement (C:\Dev\KPI Dashboard\dashboard\node_modules\@babel\parser\lib\index.js:13142:28)
      at JSXParserMixin.parseStatementContent (C:\Dev\KPI Dashboard\dashboard\node_modules\@babel\parser\lib\index.js:12798:21)
      at JSXParserMixin.parseStatementLike (C:\Dev\KPI Dashboard\dashboard\node_modules\@babel\parser\lib\index.js:12767:17)
      at JSXParserMixin.parseStatementListItem (C:\Dev\KPI Dashboard\dashboard\node_modules\@babel\parser\lib\index.js:12747:17)
      at JSXParserMixin.parseBlockOrModuleBlockBody (C:\Dev\KPI Dashboard\dashboard\node_modules\@babel\parser\lib\index.js:13316:61)
      at JSXParserMixin.parseBlockBody (C:\Dev\KPI Dashboard\dashboard\node_modules\@babel\parser\lib\index.js:13309:10)
      at JSXParserMixin.parseBlock (C:\Dev\KPI Dashboard\dashboard\node_modules\@babel\parser\lib\index.js:13297:10)
      at JSXParserMixin.parseFunctionBody (C:\Dev\KPI Dashboard\dashboard\node_modules\@babel\parser\lib\index.js:12100:24)
      at JSXParserMixin.parseArrowExpression (C:\Dev\KPI Dashboard\dashboard\node_modules\@babel\parser\lib\index.js:12075:10)
      at JSXParserMixin.parseParenAndDistinguishExpression (C:\Dev\KPI Dashboard\dashboard\node_modules\@babel\parser\lib\index.js:11687:12)
      at JSXParserMixin.parseExprAtom (C:\Dev\KPI Dashboard\dashboard\node_modules\@babel\parser\lib\index.js:11331:23)
      at JSXParserMixin.parseExprAtom (C:\Dev\KPI Dashboard\dashboard\node_modules\@babel\parser\lib\index.js:4764:20)
      at JSXParserMixin.parseExprSubscripts (C:\Dev\KPI Dashboard\dashboard\node_modules\@babel\parser\lib\index.js:11081:23)
      at JSXParserMixin.parseUpdate (C:\Dev\KPI Dashboard\dashboard\node_modules\@babel\parser\lib\index.js:11066:21)
      at JSXParserMixin.parseMaybeUnary (C:\Dev\KPI Dashboard\dashboard\node_modules\@babel\parser\lib\index.js:11046:23)
      at JSXParserMixin.parseMaybeUnaryOrPrivate (C:\Dev\KPI Dashboard\dashboard\node_modules\@babel\parser\lib\index.js:10899:61)
^C