[2026-03-17T18:31:47.619Z] === Daily Blog Publisher ===
[2026-03-17T18:31:47.622Z] Mode: PUBLISH
[2026-03-17T18:31:47.622Z] Calendar: 40 total, 39 queued
[2026-03-17T18:31:47.622Z] Selected: [2] "The Hidden Link Between Entrepreneurship and Addiction: What the Research Actually Says"
[2026-03-17T18:31:47.622Z] Keyword: "why entrepreneurs struggle with addiction" | Priority: critical | Category: recovery-business
[2026-03-17T18:31:47.623Z] Generating article with SEO validation...
[2026-03-17T18:32:09.897Z]   Article generated (6531 chars, attempt 1)
[2026-03-17T18:32:11.282Z]   SEO Score: 66/110 (FAIL)
[2026-03-17T18:32:11.282Z]   Failing checks: keywordFirst100, keywordInH2, keywordDensity, wordCount, blockquote, imageAltComment, semanticVariations, modularChunking
[2026-03-17T18:32:11.282Z]   Retry 1/2...
[2026-03-17T18:32:47.297Z]   Article generated (9896 chars, attempt 2)
[2026-03-17T18:32:48.328Z]   SEO Score: 77/110 (FAIL)
[2026-03-17T18:32:48.329Z]   Failing checks: keywordFirst100, keywordInH2, wordCount, blockquote, shortParagraphs, semanticVariations, modularChunking
[2026-03-17T18:32:48.329Z]   Retry 2/2...
[2026-03-17T18:33:16.435Z]   Article generated (8031 chars, attempt 3)
[2026-03-17T18:33:18.350Z]   SEO Score: 65/110 (FAIL)
[2026-03-17T18:33:18.351Z]   Failing checks: keywordFirst100, keywordInH2, keywordDensity, wordCount, statsCitations, blockquote, imageAltComment, semanticVariations, modularChunking
[2026-03-17T18:33:18.352Z]   Max retries exceeded. Will publish as draft.
[2026-03-17T18:33:49.258Z] 
SEO Score: 68/110 (FAIL — threshold: 88)

  ~ bluf: 5/10 — BLUF block: 77 words (outside 40-60 ideal)
  ✓ questionH2s: 10/10 — 8 question-based H2s
  ✓ keywordFirst100: 8/8 — Keyword in first 100 words
  ✗ keywordInH2: 0/5 — Keyword not in any H2
  ✗ keywordDensity: 0/8 — Keyword appears 1x (too few)
  ✗ wordCount: 0/10 — 1194 words (too short, need 1800+)
  ✓ faqSection: 8/8 — FAQ section with 5 Q&As
  ✓ statsCitations: 8/8 — 3 stats, 3 source citations
  ✗ blockquote: 0/5 — No blockquote found
  ~ internalLinks: 7/10 — Missing: existing blog post
  ✓ phoenixCTA: 5/5 — Phoenix Forum CTA present
  ✓ metaTitleLen: 3/3 — Title: 55 chars
  ✓ metaDescLen: 3/3 — Description: 155 chars
  ✓ lastUpdated: 2/2 — Last updated date present
  ✓ imageAltComment: 2/2 — Image alt comment present
  ✓ shortParagraphs: 3/3 — All paragraphs 5 sentences or fewer
  ✓ noForbiddenOpeners: 2/2 — No forbidden openers
  ✗ semanticVariations: 0/5 — No semantic variations found
  ~ modularChunking: 2/3 — Has list(s)

[2026-03-17T18:33:49.258Z] Meta title: Why Entrepreneurs Struggle with Addiction: Key Insights (55 chars)
[2026-03-17T18:33:49.258Z] Meta desc: Explore how stress and isolation increase addiction risks for entrepreneurs. Gain insights from research to better understand and address these challenges. (155 chars)
[2026-03-17T18:33:49.258Z] Slug: why-entrepreneurs-struggle-with-addiction
[2026-03-17T18:33:49.974Z] SEO validation failed after retries — publishing as DRAFT for manual review
[2026-03-17T18:33:49.974Z] Publishing to WordPress as draft...
[2026-03-17T18:33:50.592Z] Published: ID 4407 | https://soberfounders.org/?p=4407
[2026-03-17T18:33:50.592Z] Setting Yoast SEO fields...
[2026-03-17T18:33:51.244Z] SEO fields set: title, description, primary_focus_keyword
[2026-03-17T18:33:51.245Z] Calendar updated.
[2026-03-17T18:33:51.245Z] 
Done. Post drafted at: https://soberfounders.org/?p=4407
[2026-03-17T18:36:42.176Z] === Daily Blog Publisher ===
[2026-03-17T18:36:42.179Z] Mode: PUBLISH
[2026-03-17T18:36:42.179Z] Calendar: 40 total, 38 queued
[2026-03-17T18:36:42.179Z] Selected: [3] "The Best Mastermind Group for Founders in Recovery — What to Look For and Where to Find It"
[2026-03-17T18:36:42.179Z] Keyword: "best mastermind group for founders in recovery" | Priority: critical | Category: peer-advisory
[2026-03-17T18:36:42.180Z] Generating article with SEO validation...
[2026-03-17T18:37:21.268Z]   Article generated (9603 chars, attempt 1)
[2026-03-17T18:37:22.696Z]   SEO Score: 86/110 (FAIL)
[2026-03-17T18:37:22.696Z]   Failing checks: wordCount, statsCitations, metaTitleLen, imageAltComment, semanticVariations, modularChunking
[2026-03-17T18:37:22.696Z]   Retry 1/2...
[2026-03-17T18:38:10.608Z]   Article generated (11085 chars, attempt 2)
[2026-03-17T18:38:12.523Z]   SEO Score: 79/110 (FAIL)
[2026-03-17T18:38:12.524Z]   Failing checks: wordCount, statsCitations, blockquote, internalLinks, metaTitleLen, imageAltComment, semanticVariations
[2026-03-17T18:38:12.524Z]   Retry 2/2...
[2026-03-17T18:39:16.811Z]   Article generated (10255 chars, attempt 3)
[2026-03-17T18:39:18.380Z]   SEO Score: 90/110 (PASS)
[2026-03-17T18:39:18.381Z] 
SEO Score: 90/110 (PASS — threshold: 88)

  ✓ bluf: 10/10 — BLUF block: 58 words
  ✓ questionH2s: 10/10 — 9 question-based H2s
  ✓ keywordFirst100: 8/8 — Keyword in first 100 words
  ✓ keywordInH2: 5/5 — Keyword in H2
  ✓ keywordDensity: 8/8 — Keyword appears 4x
  ✗ wordCount: 0/10 — 1304 words (too short, need 1800+)
  ✓ faqSection: 8/8 — FAQ section with 5 Q&As
  ✓ statsCitations: 8/8 — 5 stats, 3 source citations
  ✓ blockquote: 5/5 — 1 blockquote(s) with attribution
  ~ internalLinks: 7/10 — Missing: existing blog post
  ✓ phoenixCTA: 5/5 — Phoenix Forum CTA present
  ~ metaTitleLen: 1/3 — Title: 63 chars (ideal: 50-60)
  ✓ metaDescLen: 3/3 — Description: 151 chars
  ✓ lastUpdated: 2/2 — Last updated date present
  ✓ imageAltComment: 2/2 — Image alt comment present
  ✓ shortParagraphs: 3/3 — All paragraphs 5 sentences or fewer
  ✓ noForbiddenOpeners: 2/2 — No forbidden openers
  ✗ semanticVariations: 0/5 — No semantic variations found
  ✓ modularChunking: 3/3 — Has both lists and tables

[2026-03-17T18:39:18.381Z] Meta title: Best Mastermind Group for Founders in Recovery | Sober Founders (63 chars)
[2026-03-17T18:39:18.381Z] Meta desc: Find the best mastermind group for founders in recovery, offering peer support and business insights. Discover where to connect with like-minded peers. (151 chars)
[2026-03-17T18:39:18.381Z] Slug: best-mastermind-group-for-founders-in-recovery
[2026-03-17T18:39:19.014Z] Publishing to WordPress as publish...
[2026-03-17T18:39:20.259Z] Published: ID 4410 | https://soberfounders.org/best-mastermind-group-for-founders-in-recovery/
[2026-03-17T18:39:20.259Z] Setting Yoast SEO fields...
[2026-03-17T18:39:20.774Z] SEO fields set: title, description, primary_focus_keyword
[2026-03-17T18:39:20.774Z] Calendar updated.
[2026-03-17T18:39:20.775Z] 
Done. Post live at: https://soberfounders.org/best-mastermind-group-for-founders-in-recovery/
[2026-03-17T18:53:41.162Z] === Daily Blog Publisher v2 ===
[2026-03-17T18:53:41.162Z] Mode: DRY-RUN
[2026-03-17T18:53:41.163Z] Calendar: 40 total, 37 queued
[2026-03-17T18:53:41.163Z] Selected: [4] "What It Really Means to Be a Sober Entrepreneur in 2026"
[2026-03-17T18:53:41.164Z] Keyword: "sober entrepreneur" | Priority: critical | Category: recovery-business
[2026-03-17T18:53:41.164Z] Generating article with SEO validation...
[2026-03-17T18:54:06.525Z]   Article generated (8011 chars, attempt 1)
[2026-03-17T18:54:08.281Z]   SEO Score: 90/113 (PASS)
[2026-03-17T18:54:08.281Z] 
SEO Score: 90/113 (PASS — threshold: 88)

  ✓ bluf: 10/10 — BLUF block: 53 words
  ✓ questionH2s: 10/10 — 6 question-based H2s
  ✓ keywordFirst100: 8/8 — Keyword in first 100 words
  ✓ keywordInH2: 5/5 — Keyword in H2
  ✓ keywordDensity: 8/8 — Keyword appears 3x
  ✗ wordCount: 0/10 — 1133 words (too short, need 1800+)
  ✓ faqSection: 8/8 — FAQ section with 5 Q&As
  ~ statsCitations: 4/8 — 6 stats, 0 source citations (need both 2+)
  ~ blockquote: 3/5 — 1 blockquote(s) but missing name/industry attribution
  ✓ internalLinks: 10/10 — All 3 internal link types present
  ✓ phoenixCTA: 5/5 — Phoenix Forum CTA present
  ✓ metaTitleLen: 3/3 — Title: 51 chars
  ~ metaDescLen: 1/3 — Description: 126 chars (ideal: 130-155)
  ✓ lastUpdated: 2/2 — Last updated date present
  ✗ imageAltComment: 0/2 — Missing <!-- Alt: ... --> comment
  ✓ shortParagraphs: 3/3 — All paragraphs 5 sentences or fewer
  ✓ noForbiddenOpeners: 2/2 — No forbidden openers
  ✓ semanticVariations: 5/5 — 2 semantic variations found
  ✗ modularChunking: 0/3 — No lists or tables found
  ✓ antiSlop: 3/3 — No slop phrases detected

[2026-03-17T18:54:08.283Z] Meta title: Being a Sober Entrepreneur in 2026 | Sober Founders (51 chars)
[2026-03-17T18:54:08.284Z] Meta desc: Explore the journey of sober entrepreneurs in 2026, balancing business pressures with recovery, and finding community support. (126 chars)
[2026-03-17T18:54:08.284Z] Slug: sober-entrepreneur-2026
[2026-03-17T18:54:08.284Z] 
=== DRY RUN - Article Preview ===
[2026-03-17T18:54:08.284Z] === End Preview ===
[2026-03-17T18:54:24.650Z] === Daily Blog Publisher v2 ===
[2026-03-17T18:54:24.651Z] Mode: DRY-RUN
[2026-03-17T18:54:24.651Z] Calendar: 40 total, 37 queued
[2026-03-17T18:54:24.652Z] Selected: [4] "What It Really Means to Be a Sober Entrepreneur in 2026"
[2026-03-17T18:54:24.652Z] Keyword: "sober entrepreneur" | Priority: critical | Category: recovery-business
[2026-03-17T18:54:24.652Z] Generating article with SEO validation...
[2026-03-17T18:54:56.469Z]   Article generated (9640 chars, attempt 1)
[2026-03-17T18:54:58.689Z]   SEO Score: 92/113 (PASS)
[2026-03-17T18:54:58.689Z] 
SEO Score: 92/113 (PASS — threshold: 91)

  ✓ bluf: 10/10 — BLUF block: 47 words
  ✓ questionH2s: 10/10 — 7 question-based H2s
  ✓ keywordFirst100: 8/8 — Keyword in first 100 words
  ✓ keywordInH2: 5/5 — Keyword in H2
  ✓ keywordDensity: 8/8 — Keyword appears 4x
  ✗ wordCount: 0/10 — 1302 words (too short, need 1800+)
  ✓ faqSection: 8/8 — FAQ section with 5 Q&As
  ~ statsCitations: 4/8 — 10 stats, 0 source citations (need both 2+)
  ~ blockquote: 3/5 — 2 blockquote(s) but missing name/industry attribution
  ✓ internalLinks: 10/10 — All 3 internal link types present
  ✓ phoenixCTA: 5/5 — Phoenix Forum CTA present
  ~ metaTitleLen: 1/3 — Title: 48 chars (ideal: 50-60)
  ✓ metaDescLen: 3/3 — Description: 149 chars
  ✓ lastUpdated: 2/2 — Last updated date present
  ✓ imageAltComment: 2/2 — Image alt comment present
  ~ shortParagraphs: 1/3 — 1 paragraph(s) exceed 5 sentences
  ✓ noForbiddenOpeners: 2/2 — No forbidden openers
  ✓ semanticVariations: 5/5 — 2 semantic variations found
  ~ modularChunking: 2/3 — Has list(s)
  ✓ antiSlop: 3/3 — No slop phrases detected

[2026-03-17T18:54:58.691Z] Meta title: What It Means to Be a Sober Entrepreneur in 2026 (48 chars)
[2026-03-17T18:54:58.692Z] Meta desc: Explore the unique challenges and strengths of being a sober entrepreneur in 2026, balancing sobriety with business pressures and redefining success. (149 chars)
[2026-03-17T18:54:58.692Z] Slug: sober-entrepreneur-2026-meaning
[2026-03-17T18:54:58.692Z] 
=== DRY RUN - Article Preview ===
[2026-03-17T18:54:58.693Z] === End Preview ===
[2026-03-17T18:55:49.432Z] === Daily Blog Publisher v2 ===
[2026-03-17T18:55:49.433Z] Mode: DRY-RUN
[2026-03-17T18:55:49.433Z] Calendar: 40 total, 37 queued
[2026-03-17T18:55:49.434Z] Selected: [4] "What It Really Means to Be a Sober Entrepreneur in 2026"
[2026-03-17T18:55:49.434Z] Keyword: "sober entrepreneur" | Priority: critical | Category: recovery-business
[2026-03-17T18:55:49.434Z] Generating article with SEO validation...
[2026-03-17T18:56:39.841Z]   Article generated (11015 chars, attempt 1)
[2026-03-17T18:56:41.598Z]   SEO Score: 99/113 (PASS)
[2026-03-17T18:56:41.599Z] 
SEO Score: 99/113 (PASS — threshold: 91)

  ✓ bluf: 10/10 — BLUF block: 54 words
  ✓ questionH2s: 10/10 — 7 question-based H2s
  ✓ keywordFirst100: 8/8 — Keyword in first 100 words
  ✓ keywordInH2: 5/5 — Keyword in H2
  ✓ keywordDensity: 8/8 — Keyword appears 4x
  ~ wordCount: 5/10 — 1553 words (target: 1800+)
  ✓ faqSection: 8/8 — FAQ section with 5 Q&As
  ✓ statsCitations: 8/8 — 9 stats, 3 source citations
  ~ blockquote: 3/5 — 1 blockquote(s) but missing name/industry attribution
  ✓ internalLinks: 10/10 — All 3 internal link types present
  ✓ phoenixCTA: 5/5 — Phoenix Forum CTA present
  ~ metaTitleLen: 1/3 — Title: 48 chars (ideal: 50-60)
  ✓ metaDescLen: 3/3 — Description: 138 chars
  ✓ lastUpdated: 2/2 — Last updated date present
  ✗ imageAltComment: 0/2 — Missing <!-- Alt: ... --> comment
  ✓ shortParagraphs: 3/3 — All paragraphs 5 sentences or fewer
  ✓ noForbiddenOpeners: 2/2 — No forbidden openers
  ~ semanticVariations: 2/5 — 1 semantic variation found (need 2+)
  ✓ modularChunking: 3/3 — Has both lists and tables
  ✓ antiSlop: 3/3 — No slop phrases detected

[2026-03-17T18:56:41.599Z] Meta title: What It Means to Be a Sober Entrepreneur in 2026 (48 chars)
[2026-03-17T18:56:41.599Z] Meta desc: Explore the unique challenges and rewards of being a sober entrepreneur in 2026, balancing business pressures with recovery and integrity. (138 chars)
[2026-03-17T18:56:41.600Z] Slug: sober-entrepreneur-2026-meaning
[2026-03-17T18:56:41.600Z] 
=== DRY RUN - Article Preview ===
[2026-03-17T18:56:41.600Z] === End Preview ===
[2026-03-17T21:56:25.246Z] === Daily Blog Publisher v2 ===
[2026-03-17T21:56:25.249Z] Mode: PUBLISH
[2026-03-17T21:56:25.249Z] Calendar: 40 total, 37 queued
[2026-03-17T21:56:25.249Z] Selected: [4] "What It Really Means to Be a Sober Entrepreneur in 2026"
[2026-03-17T21:56:25.249Z] Keyword: "sober entrepreneur" | Priority: critical | Category: recovery-business
[2026-03-17T21:56:25.249Z] Generating article with SEO validation...
[2026-03-17T21:57:00.433Z]   Article generated (11006 chars, attempt 1)
[2026-03-17T21:57:02.771Z]   SEO Score: 88/113 (FAIL)
[2026-03-17T21:57:02.771Z]   Failing checks: wordCount, statsCitations, blockquote, metaTitleLen, metaDescLen, imageAltComment, semanticVariations, modularChunking
[2026-03-17T21:57:02.771Z]   Retry 1/5...
[2026-03-17T21:57:33.335Z]   Article generated (9662 chars, attempt 2)
[2026-03-17T21:57:35.392Z]   SEO Score: 91/113 (PASS)
[2026-03-17T21:57:35.393Z] 
SEO Score: 91/113 (PASS — threshold: 91)

  ✓ bluf: 10/10 — BLUF block: 48 words
  ✓ questionH2s: 10/10 — 7 question-based H2s
  ✓ keywordFirst100: 8/8 — Keyword in first 100 words
  ✓ keywordInH2: 5/5 — Keyword in H2
  ✓ keywordDensity: 8/8 — Keyword appears 6x
  ✗ wordCount: 0/10 — 1363 words (too short, need 1800+)
  ✓ faqSection: 8/8 — FAQ section with 5 Q&As
  ~ statsCitations: 4/8 — 12 stats, 0 source citations (need both 2+)
  ~ blockquote: 3/5 — 1 blockquote(s) but missing name/industry attribution
  ✓ internalLinks: 10/10 — All 3 internal link types present
  ✓ phoenixCTA: 5/5 — Phoenix Forum CTA present
  ~ metaTitleLen: 1/3 — Title: 65 chars (ideal: 50-60)
  ✓ metaDescLen: 3/3 — Description: 138 chars
  ✓ lastUpdated: 2/2 — Last updated date present
  ✓ imageAltComment: 2/2 — Image alt comment present
  ✓ shortParagraphs: 3/3 — All paragraphs 5 sentences or fewer
  ✓ noForbiddenOpeners: 2/2 — No forbidden openers
  ~ semanticVariations: 2/5 — 1 semantic variation found (need 2+)
  ~ modularChunking: 2/3 — Has table(s)
  ✓ antiSlop: 3/3 — No slop phrases detected

[2026-03-17T21:57:35.393Z] Meta title: What It Means to Be a Sober Entrepreneur in 2026 | Sober Founders (65 chars)
[2026-03-17T21:57:35.393Z] Meta desc: Explore the challenges and triumphs of being a sober entrepreneur in 2026, balancing business pressures with sobriety for lasting success. (138 chars)
[2026-03-17T21:57:35.393Z] Slug: sober-entrepreneur-2026-meaning
[2026-03-17T21:57:35.393Z] Generating featured image via DALL-E...
[2026-03-17T21:57:55.370Z]   Image generated: https://oaidalleapiprodscus.blob.core.windows.net/private/org-X5D5LKayU1xP0PiViP...
[2026-03-17T21:57:55.370Z]   Downloading image...
[2026-03-17T21:57:55.834Z]   Downloaded: 1816 KB
[2026-03-17T21:57:55.834Z]   Uploading to WordPress...
[2026-03-17T21:57:56.566Z]   Image generation/upload failed (non-fatal): Media upload error (400): {"code":"rest_upload_no_data","message":"No data supplied.","data":{"status":400}}
[2026-03-17T21:57:57.163Z] Publishing to WordPress as publish...
[2026-03-17T21:57:58.564Z] Published: ID 4620 | https://soberfounders.org/sober-entrepreneur-2026-meaning/
[2026-03-17T21:57:58.564Z] Setting Yoast SEO fields...
[2026-03-17T21:57:59.114Z] SEO fields set: title, description, primary_focus_keyword
[2026-03-17T21:57:59.114Z] Calendar updated.
[2026-03-17T21:57:59.115Z] 
Done. Post live at: https://soberfounders.org/sober-entrepreneur-2026-meaning/
