[2026-03-18T21:51:08.919Z] === Daily Blog Publisher v2 ===
[2026-03-18T21:51:08.921Z] Mode: PUBLISH
[2026-03-18T21:51:08.922Z] Calendar: 58 total, 54 queued
[2026-03-18T21:51:08.922Z] Selected: [5] "Sober CEO: How Running a Company Changes When You Put Down the Bottle"
[2026-03-18T21:51:08.922Z] Keyword: "sober CEO" | Priority: high | Category: recovery-business
[2026-03-18T21:51:08.922Z] Generating article with SEO validation...
[2026-03-18T21:52:08.448Z]   Article generated (12293 chars, attempt 1)
[2026-03-18T21:52:11.859Z]   SEO Score: 93/113 (PASS)
[2026-03-18T21:52:11.859Z] 
SEO Score: 93/113 (PASS — threshold: 91)

  ✓ bluf: 10/10 — BLUF block: 43 words
  ✓ questionH2s: 10/10 — 7 question-based H2s
  ✓ keywordFirst100: 8/8 — Keyword in first 100 words
  ✓ keywordInH2: 5/5 — Keyword in H2
  ~ keywordDensity: 4/8 — Keyword appears 10x (ideal: 3-7)
  ~ wordCount: 5/10 — 1777 words (target: 1800+)
  ✓ faqSection: 8/8 — FAQ section with 5 Q&As
  ~ statsCitations: 4/8 — 8 stats, 0 source citations (need both 2+)
  ✓ blockquote: 5/5 — 1 blockquote(s) with attribution
  ✓ internalLinks: 10/10 — All 3 internal link types present
  ✓ phoenixCTA: 5/5 — Phoenix Forum CTA present
  ✓ metaTitleLen: 3/3 — Title: 50 chars
  ✓ metaDescLen: 3/3 — Description: 140 chars
  ✓ lastUpdated: 2/2 — Last updated date present
  ✓ imageAltComment: 2/2 — Image alt comment present
  ~ shortParagraphs: 1/3 — 1 paragraph(s) exceed 5 sentences
  ✓ noForbiddenOpeners: 2/2 — No forbidden openers
  ✗ semanticVariations: 0/5 — No semantic variations found
  ✓ modularChunking: 3/3 — Has both lists and tables
  ✓ antiSlop: 3/3 — No slop phrases detected

[2026-03-18T21:52:11.859Z] Meta title: Sober CEO: Transforming Leadership Without Alcohol (50 chars)
[2026-03-18T21:52:11.860Z] Meta desc: A sober CEO gains clarity and improves decision-making, reshaping company culture and leadership style. Discover new strategies for success. (140 chars)
[2026-03-18T21:52:11.860Z] Slug: sober-ceo-transforming-leadership-without-alcohol
[2026-03-18T21:52:11.860Z] Generating featured image via DALL-E...
[2026-03-18T21:52:34.772Z]   Image generated: https://oaidalleapiprodscus.blob.core.windows.net/private/org-X5D5LKayU1xP0PiViP...
[2026-03-18T21:52:34.772Z]   Downloading image...
[2026-03-18T21:52:35.078Z]   Downloaded: 2320 KB
[2026-03-18T21:52:35.079Z]   Uploading to WordPress...
[2026-03-18T21:52:35.920Z]   Image generation/upload failed (non-fatal): Media upload error (400): {"code":"rest_upload_no_data","message":"No data supplied.","data":{"status":400}}
[2026-03-18T21:52:36.514Z] Publishing to WordPress as publish...
[2026-03-18T21:52:37.542Z] Published: ID 4757 | https://soberfounders.org/sober-ceo-transforming-leadership-without-alcohol/
[2026-03-18T21:52:37.542Z] Setting Yoast SEO fields...
[2026-03-18T21:52:38.086Z] SEO fields set: title, description, primary_focus_keyword
[2026-03-18T21:52:38.087Z] Calendar updated.
[2026-03-18T21:52:38.087Z] 
Done. Post live at: https://soberfounders.org/sober-ceo-transforming-leadership-without-alcohol/
